{"C:\\Users\\Vikki Sharma\\OneDrive\\Desktop\\namasteReact\\src\\components\\Others\\sum.js": {"path":"C:\\Users\\Vikki Sharma\\OneDrive\\Desktop\\namasteReact\\src\\components\\Others\\sum.js","statementMap":{"0":{"start":{"line":1,"column":12},"end":{"line":3,"column":1}},"1":{"start":{"line":2,"column":2},"end":{"line":2,"column":15}}},"fnMap":{"0":{"name":"(anonymous_0)","decl":{"start":{"line":1,"column":12},"end":{"line":1,"column":13}},"loc":{"start":{"line":1,"column":22},"end":{"line":3,"column":1}},"line":1}},"branchMap":{},"s":{"0":1,"1":1},"f":{"0":1},"b":{},"_coverageSchema":"1a1c01bbd47fc00a2c39e90264f33305004495a9","hash":"24a59fcadf83e3f9fe9640272028df5410937d5b"}
}
